<?xml version="1.0" encoding="UTF-8"?>
<testsuite name="br.com.edsilfer.lint_plugin.LintPluginTest" tests="1" skipped="0" failures="1" errors="0" timestamp="2017-09-01T20:55:15" hostname="edgars-mac.local" time="8.95">
  <properties/>
  <testcase name="helloWorld task prints hello world" classname="br.com.edsilfer.lint_plugin.LintPluginTest" time="8.95">
    <failure message="org.gradle.testkit.runner.UnexpectedBuildFailure: Unexpected build execution failure in /Users/edgar/Edgar/Workspace/prove-of-concepts/gradle-custom-plugins/build/resources/test with arguments [:helloWorld]&#10;&#10;Output:&#10;&#10;FAILURE: Build failed with an exception.&#10;&#10;* What went wrong:&#10;Task 'helloWorld' not found in root project 'test'.&#10;&#10;* Try:&#10;Run gradle tasks to get a list of available tasks. Run with --stacktrace option to get the stack trace. Run with --info or --debug option to get more log output.&#10;&#10;BUILD FAILED in 7s&#10;" type="org.gradle.testkit.runner.UnexpectedBuildFailure">org.gradle.testkit.runner.UnexpectedBuildFailure: Unexpected build execution failure in /Users/edgar/Edgar/Workspace/prove-of-concepts/gradle-custom-plugins/build/resources/test with arguments [:helloWorld]

Output:

FAILURE: Build failed with an exception.

* What went wrong:
Task 'helloWorld' not found in root project 'test'.

* Try:
Run gradle tasks to get a list of available tasks. Run with --stacktrace option to get the stack trace. Run with --info or --debug option to get more log output.

BUILD FAILED in 7s

	at org.gradle.testkit.runner.internal.DefaultGradleRunner$1.execute(DefaultGradleRunner.java:222)
	at org.gradle.testkit.runner.internal.DefaultGradleRunner$1.execute(DefaultGradleRunner.java:219)
	at org.gradle.testkit.runner.internal.DefaultGradleRunner.run(DefaultGradleRunner.java:282)
	at org.gradle.testkit.runner.internal.DefaultGradleRunner.build(DefaultGradleRunner.java:219)
	at br.com.edsilfer.lint_plugin.LintPluginTest.helloWorld task prints hello world(LintPluginTest.groovy:23)
</failure>
  </testcase>
  <system-out><![CDATA[]]></system-out>
  <system-err><![CDATA[]]></system-err>
</testsuite>
